<?xml version="1.0" encoding="UTF-8"?>
<testng-results ignored="0" total="1" passed="1" failed="0" skipped="0">
  <reporter-output>
  </reporter-output>
  <suite started-at="2025-10-31T15:54:54 IST" name="Default suite" finished-at="2025-10-31T15:54:57 IST" duration-ms="2462">
    <groups>
    </groups>
    <test started-at="2025-10-31T15:54:54 IST" name="Default test" finished-at="2025-10-31T15:54:57 IST" duration-ms="2462">
      <class name="azt.rest_ful_api.services.CreateItemClass">
        <test-method is-config="true" signature="setUp()[pri:0, instance:azt.rest_ful_api.services.CreateItemClass@1ff4931d]" started-at="2025-10-31T15:54:54 IST" name="setUp" finished-at="2025-10-31T15:54:55 IST" duration-ms="222" status="PASS">
          <reporter-output>
          </reporter-output>
        </test-method> <!-- setUp -->
        <test-method is-config="true" signature="requestBody()[pri:0, instance:azt.rest_ful_api.services.CreateItemClass@1ff4931d]" started-at="2025-10-31T15:54:55 IST" name="requestBody" finished-at="2025-10-31T15:54:55 IST" duration-ms="1" status="PASS">
          <reporter-output>
          </reporter-output>
        </test-method> <!-- requestBody -->
        <test-method signature="createitem()[pri:0, instance:azt.rest_ful_api.services.CreateItemClass@1ff4931d]" started-at="2025-10-31T15:54:55 IST" name="createitem" finished-at="2025-10-31T15:54:57 IST" duration-ms="2211" status="PASS">
          <reporter-output>
          </reporter-output>
        </test-method> <!-- createitem -->
      </class> <!-- azt.rest_ful_api.services.CreateItemClass -->
    </test> <!-- Default test -->
  </suite> <!-- Default suite -->
</testng-results>
