<?xml version="1.0" encoding="UTF-8"?>
<testng-results ignored="0" total="2" passed="2" failed="0" skipped="0">
  <reporter-output>
  </reporter-output>
  <suite started-at="2025-11-03T11:14:56 IST" name="Default suite" finished-at="2025-11-03T11:14:59 IST" duration-ms="2584">
    <groups>
    </groups>
    <test started-at="2025-11-03T11:14:56 IST" name="Default test" finished-at="2025-11-03T11:14:59 IST" duration-ms="2584">
      <class name="azt.rest_ful_api.services.CreateItem">
        <test-method is-config="true" signature="setUp()[pri:0, instance:azt.rest_ful_api.services.CreateItem@510f3d34]" started-at="2025-11-03T11:14:56 IST" name="setUp" finished-at="2025-11-03T11:14:56 IST" duration-ms="218" status="PASS">
          <reporter-output>
          </reporter-output>
        </test-method> <!-- setUp -->
        <test-method is-config="true" signature="requestBody()[pri:0, instance:azt.rest_ful_api.services.CreateItem@510f3d34]" started-at="2025-11-03T11:14:56 IST" name="requestBody" finished-at="2025-11-03T11:14:56 IST" duration-ms="19" status="PASS">
          <reporter-output>
          </reporter-output>
        </test-method> <!-- requestBody -->
        <test-method signature="createitem()[pri:0, instance:azt.rest_ful_api.services.CreateItem@510f3d34]" started-at="2025-11-03T11:14:56 IST" name="createitem" description="Verify that new Item can be created successfully" finished-at="2025-11-03T11:14:58 IST" duration-ms="2133" status="PASS">
          <reporter-output>
          </reporter-output>
        </test-method> <!-- createitem -->
        <test-method signature="validateResponseSchema()[pri:0, instance:azt.rest_ful_api.services.CreateItem@510f3d34]" started-at="2025-11-03T11:14:58 IST" name="validateResponseSchema" description="Validate Response Schema" finished-at="2025-11-03T11:14:59 IST" depends-on-methods="azt.rest_ful_api.services.CreateItem.createitem" duration-ms="189" status="PASS">
          <reporter-output>
          </reporter-output>
        </test-method> <!-- validateResponseSchema -->
        <test-method is-config="true" signature="requestBody()[pri:0, instance:azt.rest_ful_api.services.CreateItem@510f3d34]" started-at="2025-11-03T11:14:58 IST" name="requestBody" finished-at="2025-11-03T11:14:58 IST" duration-ms="0" status="PASS">
          <reporter-output>
          </reporter-output>
        </test-method> <!-- requestBody -->
      </class> <!-- azt.rest_ful_api.services.CreateItem -->
    </test> <!-- Default test -->
  </suite> <!-- Default suite -->
</testng-results>
