<?xml version="1.0" encoding="UTF-8"?>
<!-- Generated by org.testng.reporters.JUnitReportReporter -->
<testsuite hostname="HYDL-001259A" failures="0" tests="2" name="azt.rest_ful_api.services.CreateItem" time="2.341" errors="0" timestamp="2025-11-03T11:14:59 IST" skipped="0">
  <testcase classname="azt.rest_ful_api.services.CreateItem" name="validateResponseSchema" time="0.208"/>
  <testcase classname="azt.rest_ful_api.services.CreateItem" name="createitem" time="2.133"/>
</testsuite> <!-- azt.rest_ful_api.services.CreateItem -->
